Base path: 'C:/Program Files/2019.3.0f1/Editor/Data', plugins path 'C:/Program Files/2019.3.0f1/Editor/Data/PlaybackEngines'
Cmd: initializeCompiler
Cmd: compileComputeKernel
  api=4 insize=12270 outsize=1004 ok=1
Cmd: compileComputeKernel
  api=4 insize=4482 outsize=1835 ok=1
Cmd: compileComputeKernel
  api=4 insize=4482 outsize=1831 ok=1
Cmd: compileComputeKernel
  api=4 insize=27408 outsize=1494 ok=1
Cmd: compileComputeKernel
  api=4 insize=27408 outsize=1564 ok=1
Cmd: compileComputeKernel
  api=4 insize=27408 outsize=1674 ok=1
Cmd: compileComputeKernel
  api=4 insize=27408 outsize=2014 ok=1
Cmd: compileComputeKernel
  api=4 insize=27408 outsize=2973 ok=1
Cmd: compileComputeKernel
  api=4 insize=27408 outsize=1296 ok=1
Cmd: compileComputeKernel
  api=4 insize=27408 outsize=1835 ok=1
Cmd: compileComputeKernel
  api=4 insize=27408 outsize=2271 ok=1
Cmd: compileComputeKernel
  api=4 insize=27408 outsize=1326 ok=1
Cmd: compileComputeKernel
  api=4 insize=27408 outsize=2485 ok=1
Cmd: compileComputeKernel
  api=4 insize=2952 outsize=226 ok=1
Cmd: compileComputeKernel
  api=4 insize=64076 outsize=2569 ok=1
Cmd: compileComputeKernel
  api=4 insize=64076 outsize=4621 ok=1
Cmd: compileComputeKernel
  api=4 insize=64076 outsize=5347 ok=1
Cmd: compileComputeKernel
  api=4 insize=20360 outsize=754 ok=1
Cmd: compileComputeKernel
  api=4 insize=20360 outsize=863 ok=1
Cmd: compileComputeKernel
  api=4 insize=20360 outsize=945 ok=1
Cmd: compileComputeKernel
  api=4 insize=20360 outsize=1257 ok=1
Cmd: compileComputeKernel
  api=4 insize=20360 outsize=1386 ok=1
Cmd: compileComputeKernel
  api=4 insize=20360 outsize=1345 ok=1
Cmd: compileComputeKernel
  api=4 insize=20360 outsize=1344 ok=1
Cmd: compileComputeKernel
  api=4 insize=20360 outsize=1273 ok=1
Cmd: compileComputeKernel
  api=4 insize=20360 outsize=1762 ok=1
Cmd: compileComputeKernel
  api=4 insize=23621 outsize=10633 ok=1
Cmd: compileSnippet
  api=4 type=0 insize=4618 outsize=1354 kw=UNITY_PASS_FORWARDADD SPOT pd=UNITY_ENABLE_REFLECTION_BUFFERS UNITY_USE_DITHER_MASK_FOR_ALPHABLENDED_SHADOWS UNITY_PBS_USE_BRDF1 UNITY_SPECCUBE_BOX_PROJECTION UNITY_SPECCUBE_BLENDING UNITY_ENABLE_DETAIL_NORMALMAP SHADER_API_DESKTOP UNITY_COLORSPACE_GAMMA UNITY_LIGHT_PROBE_PROXY_VOLUME UNITY_LIGHTMAP_FULL_HDR ok=1
Cmd: compileSnippet
  api=4 type=1 insize=4618 outsize=2090 kw=UNITY_PASS_FORWARDADD SPOT pd=UNITY_ENABLE_REFLECTION_BUFFERS UNITY_USE_DITHER_MASK_FOR_ALPHABLENDED_SHADOWS UNITY_PBS_USE_BRDF1 UNITY_SPECCUBE_BOX_PROJECTION UNITY_SPECCUBE_BLENDING UNITY_ENABLE_DETAIL_NORMALMAP SHADER_API_DESKTOP UNITY_COLORSPACE_GAMMA UNITY_LIGHT_PROBE_PROXY_VOLUME UNITY_LIGHTMAP_FULL_HDR ok=1
Cmd: compileSnippet
  api=4 type=1 insize=1591 outsize=7686 kw=UNITY_PASS_FORWARDBASE DIRECTIONAL SHADOWS_SCREEN LIGHTPROBE_SH _EMISSION _NORMALMAP pd=UNITY_ENABLE_REFLECTION_BUFFERS UNITY_USE_DITHER_MASK_FOR_ALPHABLENDED_SHADOWS UNITY_PBS_USE_BRDF1 UNITY_SPECCUBE_BOX_PROJECTION UNITY_SPECCUBE_BLENDING UNITY_ENABLE_DETAIL_NORMALMAP SHADER_API_DESKTOP UNITY_COLORSPACE_GAMMA UNITY_LIGHT_PROBE_PROXY_VOLUME UNITY_LIGHTMAP_FULL_HDR ok=1
Cmd: compileSnippet
  api=4 type=1 insize=1451 outsize=4378 kw=UNITY_PASS_FORWARDADD SPOT _NORMALMAP pd=UNITY_ENABLE_REFLECTION_BUFFERS UNITY_USE_DITHER_MASK_FOR_ALPHABLENDED_SHADOWS UNITY_PBS_USE_BRDF1 UNITY_SPECCUBE_BOX_PROJECTION UNITY_SPECCUBE_BLENDING UNITY_ENABLE_DETAIL_NORMALMAP SHADER_API_DESKTOP UNITY_COLORSPACE_GAMMA UNITY_LIGHT_PROBE_PROXY_VOLUME UNITY_LIGHTMAP_FULL_HDR ok=1
