Base path: 'C:/Program Files/2019.3.0f1/Editor/Data', plugins path 'C:/Program Files/2019.3.0f1/Editor/Data/PlaybackEngines'
Cmd: initializeCompiler
Cmd: preprocess
  insize=1013 outsize=1373 ok=1
Cmd: preprocess
  insize=1457 outsize=474 ok=1
Cmd: preprocess
  insize=1399 outsize=441 ok=1
Cmd: preprocess
  insize=497 outsize=1352 ok=1
Cmd: preprocessCompute
  insize=12240 outsize=12270 ok=1
Cmd: preprocessCompute
  insize=4468 outsize=4482 ok=1
Cmd: preprocessCompute
  insize=27333 outsize=27408 ok=1
Cmd: preprocess
  insize=435 outsize=435 ok=1
Cmd: preprocess
  insize=7913 outsize=553 ok=1
Cmd: preprocessCompute
  insize=2950 outsize=2952 ok=1
Cmd: preprocess
  insize=537 outsize=1391 ok=1
Cmd: preprocess
  insize=2667 outsize=1124 ok=1
Cmd: preprocess
  insize=857 outsize=1362 ok=1
Cmd: preprocess
  insize=1099 outsize=1288 ok=1
Cmd: preprocess
  insize=12931 outsize=2549 ok=1
Cmd: preprocessCompute
  insize=5405 outsize=5405 ok=0
Cmd: preprocess
  insize=8463 outsize=4425 ok=1
Cmd: preprocess
  insize=1044 outsize=940 ok=1
Cmd: preprocessCompute
  insize=13926 outsize=13926 ok=0
Cmd: preprocess
  insize=1308 outsize=352 ok=1
Cmd: preprocessCompute
  insize=150569 outsize=150569 ok=0
Cmd: preprocess
  insize=1454 outsize=1800 ok=1
Cmd: preprocess
  insize=2236 outsize=943 ok=1
Cmd: preprocess
  insize=1615 outsize=1853 ok=1
Cmd: preprocess
  insize=12069 outsize=2430 ok=1
Cmd: preprocess
  insize=8484 outsize=4439 ok=1
Cmd: preprocessCompute
  insize=64064 outsize=64076 ok=1
Cmd: preprocess
  insize=4400 outsize=1843 ok=1
Cmd: preprocess
  insize=4405 outsize=1085 ok=1
Cmd: preprocess
  insize=2378 outsize=1060 ok=1
Cmd: preprocess
  insize=1567 outsize=610 ok=1
Cmd: preprocess
  insize=2273 outsize=1004 ok=1
Cmd: preprocess
  insize=1828 outsize=677 ok=1
Cmd: preprocess
  insize=1876 outsize=565 ok=1
Cmd: preprocessCompute
  insize=20258 outsize=20360 ok=1
Cmd: preprocess
  insize=2009 outsize=2184 ok=1
Cmd: preprocess
  insize=12507 outsize=5914 ok=1
Cmd: preprocess
  insize=880 outsize=1145 ok=1
Cmd: preprocessCompute
  insize=23605 outsize=23621 ok=1
Cmd: preprocess
  insize=1013 outsize=1615 ok=1
Cmd: preprocessCompute
  insize=1808 outsize=1810 ok=1
Cmd: compileSnippet
  api=4 type=0 insize=2355 outsize=790 kw= pd=UNITY_ENABLE_REFLECTION_BUFFERS UNITY_USE_DITHER_MASK_FOR_ALPHABLENDED_SHADOWS UNITY_PBS_USE_BRDF1 UNITY_SPECCUBE_BOX_PROJECTION UNITY_SPECCUBE_BLENDING UNITY_ENABLE_DETAIL_NORMALMAP SHADER_API_DESKTOP UNITY_COLORSPACE_GAMMA UNITY_LIGHT_PROBE_PROXY_VOLUME UNITY_LIGHTMAP_FULL_HDR ok=1
Cmd: compileSnippet
  api=4 type=1 insize=2355 outsize=402 kw= pd=UNITY_ENABLE_REFLECTION_BUFFERS UNITY_USE_DITHER_MASK_FOR_ALPHABLENDED_SHADOWS UNITY_PBS_USE_BRDF1 UNITY_SPECCUBE_BOX_PROJECTION UNITY_SPECCUBE_BLENDING UNITY_ENABLE_DETAIL_NORMALMAP SHADER_API_DESKTOP UNITY_COLORSPACE_GAMMA UNITY_LIGHT_PROBE_PROXY_VOLUME UNITY_LIGHTMAP_FULL_HDR ok=1
